Flutter crash report.
Please report a bug at https://github.com/flutter/flutter/issues.

## command

flutter run --debug

## exception

FileSystemException: FileSystemException: Creation of temporary directory failed, path = '/tmp/flutter_tools.' (OS Error: No space left on device, errno = 28)

```
#0      _Directory.createTempSync (dart:io/directory_impl.dart:181:7)
#1      ForwardingDirectory.createTempSync (package:file/src/forwarding/forwarding_directory.dart:28:21)
#2      LocalFileSystem.systemTempDirectory (package:flutter_tools/src/base/file_system.dart:221:47)
#3      ForwardingFileSystem.systemTempDirectory (package:file/src/forwarding/forwarding_file_system.dart:33:49)
#4      new ResidentRunner (package:flutter_tools/src/resident_runner.dart:1017:24)
#5      new HotRunner (package:flutter_tools/src/run_hot.dart:104:8)
#6      RunCommand.createRunner (package:flutter_tools/src/commands/run.dart:504:14)
<asynchronous suspension>
#7      RunCommand.runCommand (package:flutter_tools/src/commands/run.dart:646:35)
<asynchronous suspension>
#8      FlutterCommand.run.<anonymous closure> (package:flutter_tools/src/runner/flutter_command.dart:1165:27)
<asynchronous suspension>
#9      AppContext.run.<anonymous closure> (package:flutter_tools/src/base/context.dart:150:19)
<asynchronous suspension>
#10     CommandRunner.runCommand (package:args/command_runner.dart:209:13)
<asynchronous suspension>
#11     FlutterCommandRunner.runCommand.<anonymous closure> (package:flutter_tools/src/runner/flutter_command_runner.dart:281:9)
<asynchronous suspension>
#12     AppContext.run.<anonymous closure> (package:flutter_tools/src/base/context.dart:150:19)
<asynchronous suspension>
#13     FlutterCommandRunner.runCommand (package:flutter_tools/src/runner/flutter_command_runner.dart:229:5)
<asynchronous suspension>
#14     run.<anonymous closure>.<anonymous closure> (package:flutter_tools/runner.dart:62:9)
<asynchronous suspension>
#15     AppContext.run.<anonymous closure> (package:flutter_tools/src/base/context.dart:150:19)
<asynchronous suspension>
#16     main (package:flutter_tools/executable.dart:94:3)
<asynchronous suspension>
```

## flutter doctor

```
[✓] Flutter (Channel dev, 2.11.0-0.1.pre, on Deepin 20.4 5.15.24-amd64-desktop, locale en_US.UTF-8)
    • Flutter version 2.11.0-0.1.pre at /home/sony/snap/flutter/common/flutter
    • Upstream repository https://github.com/flutter/flutter.git
    • Framework revision b101bfe32f (3 weeks ago), 2022-02-16 07:36:54 -0800
    • Engine revision e355993572
    • Dart version 2.17.0 (build 2.17.0-69.2.beta)
    • DevTools version 2.10.0-dev.1

[✓] Android toolchain - develop for Android devices (Android SDK version 32.1.0-rc1)
    • Android SDK at /home/sony/Android/Sdk
    • Platform android-32, build-tools 32.1.0-rc1
    • Java binary at: /home/sony/.local/share/JetBrains/Toolbox/apps/AndroidStudio/ch-0/211.7628.21.2111.8193401/jre/bin/java
    • Java version    22440
    • All Android licenses accepted.

[✓] Chrome - develop for the web
    • Chrome at google-chrome

[✓] Linux toolchain - develop for Linux desktop
    • clang version 6.0.0-1ubuntu2 (tags/RELEASE_600/final)
    • cmake version 3.10.2
    • ninja version 1.8.2
    • pkg-config version 0.29.1

[✓] Android Studio (version 2021.1)
    • Android Studio at /home/sony/.local/share/JetBrains/Toolbox/apps/AndroidStudio/ch-0/211.7628.21.2111.8193401
    • Flutter plugin version 65.1.2
    • Dart plugin version 211.7808
    • Java version    22369

[✓] IntelliJ IDEA Ultimate Edition (version 2021.3)
    • IntelliJ at /home/sony/.local/share/JetBrains/Toolbox/apps/IDEA-U/ch-0/213.6777.52
    • Flutter plugin version 65.0.4
    • Dart plugin version 213.5744.122

[✓] VS Code (version 1.65.0)
    • VS Code at /usr/share/code
    • Flutter extension version 3.37.20220301

[✓] Connected device (2 available)
    • Linux (desktop) • linux  • linux-x64      • Deepin 20.4 5.15.24-amd64-desktop
    • Chrome (web)    • chrome • web-javascript • Google Chrome 99.0.4844.51

[✓] HTTP Host Availability
    • All required HTTP hosts are available

• No issues found!
```
